	Command being timed: "./Distribution_hist.py -p 101 -l 5278425 -f /projects/bgmp/shared/2017_sequencing/demultiplexed/7_2E_fox_S6_L008_R1_001.fastq.gz -o /projects/bgmp/isisd/bioinfo/Bi623/QAA/Part1/7_2E_fox_S6_L008_R1_001.jpg"
	User time (seconds): 182.97
	System time (seconds): 0.39
	Percent of CPU this job got: 95%
	Elapsed (wall clock) time (h:mm:ss or m:ss): 3:11.51
	Average shared text size (kbytes): 0
	Average unshared data size (kbytes): 0
	Average stack size (kbytes): 0
	Average total size (kbytes): 0
	Maximum resident set size (kbytes): 61376
	Average resident set size (kbytes): 0
	Major (requiring I/O) page faults: 0
	Minor (reclaiming a frame) page faults: 32904
	Voluntary context switches: 2287
	Involuntary context switches: 303575
	Swaps: 0
	File system inputs: 0
	File system outputs: 0
	Socket messages sent: 0
	Socket messages received: 0
	Signals delivered: 0
	Page size (bytes): 4096
	Exit status: 0
Finish 7R1
	Command being timed: "./Distribution_hist.py -p 101 -l 5278425 -f /projects/bgmp/shared/2017_sequencing/demultiplexed/7_2E_fox_S6_L008_R2_001.fastq.gz -o /projects/bgmp/isisd/bioinfo/Bi623/QAA/Part1/7_2E_fox_S6_L008_R2_001.jpg"
	User time (seconds): 188.52
	System time (seconds): 0.57
	Percent of CPU this job got: 98%
	Elapsed (wall clock) time (h:mm:ss or m:ss): 3:12.28
	Average shared text size (kbytes): 0
	Average unshared data size (kbytes): 0
	Average stack size (kbytes): 0
	Average total size (kbytes): 0
	Maximum resident set size (kbytes): 61368
	Average resident set size (kbytes): 0
	Major (requiring I/O) page faults: 0
	Minor (reclaiming a frame) page faults: 26628
	Voluntary context switches: 2038
	Involuntary context switches: 144
	Swaps: 0
	File system inputs: 0
	File system outputs: 0
	Socket messages sent: 0
	Socket messages received: 0
	Signals delivered: 0
	Page size (bytes): 4096
	Exit status: 0
Finish 7R2
	Command being timed: "./Distribution_hist.py -p 101 -l 16348255 -f /projects/bgmp/shared/2017_sequencing/demultiplexed/19_3F_fox_S14_L008_R1_001.fastq.gz -o /projects/bgmp/isisd/bioinfo/Bi623/QAA/Part1/19_3F_fox_S14_L008_R1_001.jpg"
	User time (seconds): 565.14
	System time (seconds): 0.53
	Percent of CPU this job got: 99%
	Elapsed (wall clock) time (h:mm:ss or m:ss): 9:27.01
	Average shared text size (kbytes): 0
	Average unshared data size (kbytes): 0
	Average stack size (kbytes): 0
	Average total size (kbytes): 0
	Maximum resident set size (kbytes): 63428
	Average resident set size (kbytes): 0
	Major (requiring I/O) page faults: 0
	Minor (reclaiming a frame) page faults: 30068
	Voluntary context switches: 1206
	Involuntary context switches: 177435
	Swaps: 0
	File system inputs: 0
	File system outputs: 0
	Socket messages sent: 0
	Socket messages received: 0
	Signals delivered: 0
	Page size (bytes): 4096
	Exit status: 0
Finish 19R1
	Command being timed: "./Distribution_hist.py -p 101 -l 16348255 -f /projects/bgmp/shared/2017_sequencing/demultiplexed/19_3F_fox_S14_L008_R2_001.fastq.gz -o /projects/bgmp/isisd/bioinfo/Bi623/QAA/Part1/19_3F_fox_S14_L008_R2_001.jpg"
	User time (seconds): 568.59
	System time (seconds): 0.73
	Percent of CPU this job got: 99%
	Elapsed (wall clock) time (h:mm:ss or m:ss): 9:34.39
	Average shared text size (kbytes): 0
	Average unshared data size (kbytes): 0
	Average stack size (kbytes): 0
	Average total size (kbytes): 0
	Maximum resident set size (kbytes): 61416
	Average resident set size (kbytes): 0
	Major (requiring I/O) page faults: 0
	Minor (reclaiming a frame) page faults: 28361
	Voluntary context switches: 2095
	Involuntary context switches: 179781
	Swaps: 0
	File system inputs: 0
	File system outputs: 0
	Socket messages sent: 0
	Socket messages received: 0
	Signals delivered: 0
	Page size (bytes): 4096
	Exit status: 0
Finish 19R2
