Started analysis of 7_2E_fox_S6_L008_R1_001.fastq.gz
Started analysis of 7_2E_fox_S6_L008_R2_001.fastq.gz
Started analysis of 19_3F_fox_S14_L008_R1_001.fastq.gz
Started analysis of 19_3F_fox_S14_L008_R2_001.fastq.gz
Approx 5% complete for 7_2E_fox_S6_L008_R1_001.fastq.gz
Approx 5% complete for 7_2E_fox_S6_L008_R2_001.fastq.gz
Approx 10% complete for 7_2E_fox_S6_L008_R1_001.fastq.gz
Approx 10% complete for 7_2E_fox_S6_L008_R2_001.fastq.gz
Approx 15% complete for 7_2E_fox_S6_L008_R1_001.fastq.gz
Approx 15% complete for 7_2E_fox_S6_L008_R2_001.fastq.gz
Approx 5% complete for 19_3F_fox_S14_L008_R1_001.fastq.gz
Approx 5% complete for 19_3F_fox_S14_L008_R2_001.fastq.gz
Approx 20% complete for 7_2E_fox_S6_L008_R1_001.fastq.gz
Approx 20% complete for 7_2E_fox_S6_L008_R2_001.fastq.gz
Approx 25% complete for 7_2E_fox_S6_L008_R1_001.fastq.gz
Approx 25% complete for 7_2E_fox_S6_L008_R2_001.fastq.gz
Approx 30% complete for 7_2E_fox_S6_L008_R1_001.fastq.gz
Approx 30% complete for 7_2E_fox_S6_L008_R2_001.fastq.gz
Approx 10% complete for 19_3F_fox_S14_L008_R1_001.fastq.gz
Approx 10% complete for 19_3F_fox_S14_L008_R2_001.fastq.gz
Approx 35% complete for 7_2E_fox_S6_L008_R1_001.fastq.gz
Approx 35% complete for 7_2E_fox_S6_L008_R2_001.fastq.gz
Approx 40% complete for 7_2E_fox_S6_L008_R1_001.fastq.gz
Approx 40% complete for 7_2E_fox_S6_L008_R2_001.fastq.gz
Approx 45% complete for 7_2E_fox_S6_L008_R1_001.fastq.gz
Approx 45% complete for 7_2E_fox_S6_L008_R2_001.fastq.gz
Approx 15% complete for 19_3F_fox_S14_L008_R1_001.fastq.gz
Approx 50% complete for 7_2E_fox_S6_L008_R1_001.fastq.gz
Approx 15% complete for 19_3F_fox_S14_L008_R2_001.fastq.gz
Approx 50% complete for 7_2E_fox_S6_L008_R2_001.fastq.gz
Approx 55% complete for 7_2E_fox_S6_L008_R1_001.fastq.gz
Approx 55% complete for 7_2E_fox_S6_L008_R2_001.fastq.gz
Approx 60% complete for 7_2E_fox_S6_L008_R1_001.fastq.gz
Approx 60% complete for 7_2E_fox_S6_L008_R2_001.fastq.gz
Approx 20% complete for 19_3F_fox_S14_L008_R1_001.fastq.gz
Approx 65% complete for 7_2E_fox_S6_L008_R1_001.fastq.gz
Approx 20% complete for 19_3F_fox_S14_L008_R2_001.fastq.gz
Approx 65% complete for 7_2E_fox_S6_L008_R2_001.fastq.gz
Approx 70% complete for 7_2E_fox_S6_L008_R1_001.fastq.gz
Approx 75% complete for 7_2E_fox_S6_L008_R1_001.fastq.gz
Approx 70% complete for 7_2E_fox_S6_L008_R2_001.fastq.gz
Approx 80% complete for 7_2E_fox_S6_L008_R1_001.fastq.gz
Approx 25% complete for 19_3F_fox_S14_L008_R1_001.fastq.gz
Approx 75% complete for 7_2E_fox_S6_L008_R2_001.fastq.gz
Approx 25% complete for 19_3F_fox_S14_L008_R2_001.fastq.gz
Approx 85% complete for 7_2E_fox_S6_L008_R1_001.fastq.gz
Approx 80% complete for 7_2E_fox_S6_L008_R2_001.fastq.gz
Approx 90% complete for 7_2E_fox_S6_L008_R1_001.fastq.gz
Approx 85% complete for 7_2E_fox_S6_L008_R2_001.fastq.gz
Approx 95% complete for 7_2E_fox_S6_L008_R1_001.fastq.gz
Approx 30% complete for 19_3F_fox_S14_L008_R1_001.fastq.gz
Approx 90% complete for 7_2E_fox_S6_L008_R2_001.fastq.gz
Approx 30% complete for 19_3F_fox_S14_L008_R2_001.fastq.gz
Analysis complete for 7_2E_fox_S6_L008_R1_001.fastq.gz
Approx 95% complete for 7_2E_fox_S6_L008_R2_001.fastq.gz
Analysis complete for 7_2E_fox_S6_L008_R2_001.fastq.gz
Approx 35% complete for 19_3F_fox_S14_L008_R1_001.fastq.gz
Approx 35% complete for 19_3F_fox_S14_L008_R2_001.fastq.gz
Approx 40% complete for 19_3F_fox_S14_L008_R1_001.fastq.gz
Approx 40% complete for 19_3F_fox_S14_L008_R2_001.fastq.gz
Approx 45% complete for 19_3F_fox_S14_L008_R1_001.fastq.gz
Approx 45% complete for 19_3F_fox_S14_L008_R2_001.fastq.gz
Approx 50% complete for 19_3F_fox_S14_L008_R1_001.fastq.gz
Approx 50% complete for 19_3F_fox_S14_L008_R2_001.fastq.gz
Approx 55% complete for 19_3F_fox_S14_L008_R1_001.fastq.gz
Approx 55% complete for 19_3F_fox_S14_L008_R2_001.fastq.gz
Approx 60% complete for 19_3F_fox_S14_L008_R1_001.fastq.gz
Approx 60% complete for 19_3F_fox_S14_L008_R2_001.fastq.gz
Approx 65% complete for 19_3F_fox_S14_L008_R1_001.fastq.gz
Approx 65% complete for 19_3F_fox_S14_L008_R2_001.fastq.gz
Approx 70% complete for 19_3F_fox_S14_L008_R1_001.fastq.gz
Approx 70% complete for 19_3F_fox_S14_L008_R2_001.fastq.gz
Approx 75% complete for 19_3F_fox_S14_L008_R1_001.fastq.gz
Approx 75% complete for 19_3F_fox_S14_L008_R2_001.fastq.gz
Approx 80% complete for 19_3F_fox_S14_L008_R1_001.fastq.gz
Approx 80% complete for 19_3F_fox_S14_L008_R2_001.fastq.gz
Approx 85% complete for 19_3F_fox_S14_L008_R1_001.fastq.gz
Approx 85% complete for 19_3F_fox_S14_L008_R2_001.fastq.gz
Approx 90% complete for 19_3F_fox_S14_L008_R1_001.fastq.gz
Approx 90% complete for 19_3F_fox_S14_L008_R2_001.fastq.gz
Approx 95% complete for 19_3F_fox_S14_L008_R1_001.fastq.gz
Approx 95% complete for 19_3F_fox_S14_L008_R2_001.fastq.gz
Analysis complete for 19_3F_fox_S14_L008_R1_001.fastq.gz
Analysis complete for 19_3F_fox_S14_L008_R2_001.fastq.gz
	Command being timed: "fastqc /projects/bgmp/shared/2017_sequencing/demultiplexed/7_2E_fox_S6_L008_R1_001.fastq.gz /projects/bgmp/shared/2017_sequencing/demultiplexed/7_2E_fox_S6_L008_R2_001.fastq.gz /projects/bgmp/shared/2017_sequencing/demultiplexed/19_3F_fox_S14_L008_R1_001.fastq.gz /projects/bgmp/shared/2017_sequencing/demultiplexed/19_3F_fox_S14_L008_R2_001.fastq.gz --outdir /projects/bgmp/isisd/bioinfo/Bi622/QAA/Part1/output_fastqc --format fastq --threads 4"
	User time (seconds): 241.90
	System time (seconds): 9.32
	Percent of CPU this job got: 260%
	Elapsed (wall clock) time (h:mm:ss or m:ss): 1:36.37
	Average shared text size (kbytes): 0
	Average unshared data size (kbytes): 0
	Average stack size (kbytes): 0
	Average total size (kbytes): 0
	Maximum resident set size (kbytes): 659784
	Average resident set size (kbytes): 0
	Major (requiring I/O) page faults: 0
	Minor (reclaiming a frame) page faults: 40981
	Voluntary context switches: 28466
	Involuntary context switches: 987
	Swaps: 0
	File system inputs: 0
	File system outputs: 5792
	Socket messages sent: 0
	Socket messages received: 0
	Signals delivered: 0
	Page size (bytes): 4096
	Exit status: 0
